<?xml version="1.0" encoding="UTF-8"?>
<!-- Generated by org.testng.reporters.JUnitReportReporter -->
<testsuite hostname="DESKTOP-A5CHD3A" failures="0" tests="3" name="testNGBasics.ParameterTest" time="17.693" errors="0" timestamp="2023-12-12T16:32:13 IST" skipped="0">
  <testcase classname="testNGBasics.ParameterTest" name="loginTest_003" time="7.151"/>
  <testcase classname="testNGBasics.ParameterTest" name="loginTest_003" time="6.010"/>
  <testcase classname="testNGBasics.ParameterTest" name="loginTest_003" time="4.532"/>
</testsuite> <!-- testNGBasics.ParameterTest -->
