<?xml version="1.0" encoding="UTF-8"?>
<!-- Generated by org.testng.reporters.JUnitReportReporter -->
<testsuite hostname="DESKTOP-A5CHD3A" failures="0" tests="5" name="testNGBasics.RegisterationTest" time="34.344" errors="0" timestamp="2023-12-16T21:39:29 IST" skipped="0">
  <testcase classname="testNGBasics.RegisterationTest" name="registerTest_001" time="6.748"/>
  <testcase classname="testNGBasics.RegisterationTest" name="registerTest_001" time="8.260"/>
  <testcase classname="testNGBasics.RegisterationTest" name="registerTest_001" time="6.846"/>
  <testcase classname="testNGBasics.RegisterationTest" name="registerTest_001" time="6.647"/>
  <testcase classname="testNGBasics.RegisterationTest" name="registerTest_001" time="5.843"/>
</testsuite> <!-- testNGBasics.RegisterationTest -->
