<?xml version="1.0" encoding="UTF-8"?>
<!-- Generated by org.testng.reporters.JUnitReportReporter -->
<testsuite hostname="DESKTOP-A5CHD3A" failures="0" tests="1" name="testNGBasics.InvocationTest" time="6.622" errors="0" timestamp="2023-12-02T16:06:15 IST" skipped="0">
  <testcase classname="testNGBasics.InvocationTest" name="addToCart" time="6.622">
    <system-out>
      <![CDATA[Add to cart Test RT]]>
    </system-out>
  </testcase> <!-- addToCart -->
  <system-out>
    <![CDATA[Add to cart Test RT
Login RT
Payment Smoke
Register Priority smoke
Register depends Smoke
Payment ST
Login RT]]>
  </system-out>
</testsuite> <!-- testNGBasics.InvocationTest -->
