<?xml version="1.0" encoding="UTF-8"?>
<!-- Generated by org.testng.reporters.JUnitReportReporter -->
<testsuite hostname="DESKTOP-A5CHD3A" failures="0" tests="3" name="testScripts.ComputerTest" time="10.141" errors="0" timestamp="2023-12-14T16:21:06 IST" skipped="0">
  <testcase classname="testScripts.ComputerTest" name="bookstest" time="3.368">
    <system-out>
      <![CDATA[Books test 2]]>
    </system-out>
  </testcase> <!-- bookstest -->
  <testcase classname="testScripts.ComputerTest" name="addBookToCartTest" time="3.474">
    <system-out>
      <![CDATA[Add book to cart test]]>
    </system-out>
  </testcase> <!-- addBookToCartTest -->
  <testcase classname="testScripts.ComputerTest" name="bookstest1" time="3.299">
    <system-out>
      <![CDATA[Test case 1]]>
    </system-out>
  </testcase> <!-- bookstest1 -->
  <system-out>
    <![CDATA[Connect to databse
Launch the browser
Before class
Login
Add book to cart test
Log out
Login
Books test 2
Log out
Login
Test case 1
Log out
After class
Before class
Login
Add book to cart test
Log out
Login
Books test 2
Log out
Login
Test case 1
Log out
After class
Close the browser
Close connection to database]]>
  </system-out>
</testsuite> <!-- testScripts.ComputerTest -->
