<?xml version="1.0" encoding="UTF-8"?>
<!-- Generated by org.testng.reporters.JUnitReportReporter -->
<testsuite hostname="DESKTOP-A5CHD3A" failures="0" tests="3" name="testNGBasics.PriorityTest" time="25.926" errors="0" timestamp="2023-12-02T16:06:15 IST" skipped="0">
  <testcase classname="testNGBasics.PriorityTest" name="loginTest" time="8.637">
    <system-out>
      <![CDATA[Login RT]]>
    </system-out>
  </testcase> <!-- loginTest -->
  <testcase classname="testNGBasics.PriorityTest" name="registerTest" time="8.510">
    <system-out>
      <![CDATA[Register Priority smoke]]>
    </system-out>
  </testcase> <!-- registerTest -->
  <testcase classname="testNGBasics.PriorityTest" name="paymentTest" time="8.779">
    <system-out>
      <![CDATA[Payment ST]]>
    </system-out>
  </testcase> <!-- paymentTest -->
  <system-out>
    <![CDATA[Add to cart Test RT
Login RT
Payment Smoke
Register Priority smoke
Register depends Smoke
Payment ST
Login RT]]>
  </system-out>
</testsuite> <!-- testNGBasics.PriorityTest -->
