<?xml version="1.0" encoding="UTF-8"?>
<!-- Generated by org.testng.reporters.JUnitReportReporter -->
<testsuite hostname="DESKTOP-A5CHD3A" failures="0" tests="3" name="testNGBasics.DemoTest" time="10.911" errors="0" timestamp="2023-12-01T16:05:30 IST" skipped="0">
  <testcase classname="testNGBasics.DemoTest" name="paymentTest" time="3.379">
    <system-out>
      <![CDATA[Payment]]>
    </system-out>
  </testcase> <!-- paymentTest -->
  <testcase classname="testNGBasics.DemoTest" name="loginTest" time="3.436">
    <system-out>
      <![CDATA[Login]]>
    </system-out>
  </testcase> <!-- loginTest -->
  <testcase classname="testNGBasics.DemoTest" name="registerTest" time="4.096">
    <system-out>
      <![CDATA[Register]]>
    </system-out>
  </testcase> <!-- registerTest -->
  <system-out>
    <![CDATA[Register
Login
Payment]]>
  </system-out>
</testsuite> <!-- testNGBasics.DemoTest -->
