<?xml version="1.0" encoding="UTF-8"?>
<!-- Generated by org.testng.reporters.JUnitReportReporter -->
<testsuite hostname="DESKTOP-A5CHD3A" failures="0" tests="3" name="testNGBasics.DependsOnMethodsTest" time="25.203" errors="0" timestamp="2023-12-02T16:06:15 IST" skipped="0">
  <testcase classname="testNGBasics.DependsOnMethodsTest" name="loginTest" time="7.994">
    <system-out>
      <![CDATA[Login RT]]>
    </system-out>
  </testcase> <!-- loginTest -->
  <testcase classname="testNGBasics.DependsOnMethodsTest" name="registerTest" time="8.731">
    <system-out>
      <![CDATA[Register depends Smoke]]>
    </system-out>
  </testcase> <!-- registerTest -->
  <testcase classname="testNGBasics.DependsOnMethodsTest" name="paymentTest" time="8.478">
    <system-out>
      <![CDATA[Payment Smoke]]>
    </system-out>
  </testcase> <!-- paymentTest -->
  <system-out>
    <![CDATA[Add to cart Test RT
Login RT
Payment Smoke
Register Priority smoke
Register depends Smoke
Payment ST
Login RT]]>
  </system-out>
</testsuite> <!-- testNGBasics.DependsOnMethodsTest -->
