<?xml version="1.0" encoding="UTF-8"?>
<!-- Generated by org.testng.reporters.JUnitReportReporter -->
<testsuite hostname="DESKTOP-A5CHD3A" failures="0" tests="3" name="testNGBasics.ConfigurationAnnotations" time="0.019" errors="0" timestamp="2023-12-14T15:34:49 IST" skipped="0">
  <testcase classname="testNGBasics.ConfigurationAnnotations" name="test3" time="0.005">
    <system-out>
      <![CDATA[Test case 3]]>
    </system-out>
  </testcase> <!-- test3 -->
  <testcase classname="testNGBasics.ConfigurationAnnotations" name="test2" time="0.004">
    <system-out>
      <![CDATA[Test case 2]]>
    </system-out>
  </testcase> <!-- test2 -->
  <testcase classname="testNGBasics.ConfigurationAnnotations" name="test1" time="0.010">
    <system-out>
      <![CDATA[Test case 1]]>
    </system-out>
  </testcase> <!-- test1 -->
  <system-out>
    <![CDATA[Before suit
Before Test
Before class
Before method
Test case 1
After method
Before method
Test case 2
After method
Before method
Test case 3
After method
After class
After test
After Suite]]>
  </system-out>
</testsuite> <!-- testNGBasics.ConfigurationAnnotations -->
