<?xml version="1.0" encoding="UTF-8"?>
<!-- Generated by org.testng.reporters.JUnitReportReporter -->
<testsuite hostname="DESKTOP-A5CHD3A" failures="0" tests="2" name="testNGBasics.PaymentTest" time="2.261" errors="0" timestamp="2023-12-06T12:23:44 IST" skipped="0">
  <testcase classname="testNGBasics.PaymentTest" name="paymentTest2" time="1.195">
    <system-out>
      <![CDATA[payment test 2]]>
    </system-out>
  </testcase> <!-- paymentTest2 -->
  <testcase classname="testNGBasics.PaymentTest" name="paymentTest1" time="1.066">
    <system-out>
      <![CDATA[payment test 1]]>
    </system-out>
  </testcase> <!-- paymentTest1 -->
  <system-out>
    <![CDATA[register test 1
register test 4
login test 2
login test 5
payment test 1
payment test 2]]>
  </system-out>
</testsuite> <!-- testNGBasics.PaymentTest -->
