<?xml version="1.0" encoding="UTF-8"?>
<!-- Generated by org.testng.reporters.JUnitReportReporter -->
<testsuite hostname="DESKTOP-A5CHD3A" failures="0" tests="3" name="Iframes.IframeTest" time="0.011" errors="0" timestamp="2023-10-28T18:31:25 IST" skipped="0">
  <testcase classname="Iframes.IframeTest" name="login" time="0.002"/>
  <testcase classname="Iframes.IframeTest" name="register" time="0.006"/>
  <testcase classname="Iframes.IframeTest" name="addToCart" time="0.003"/>
</testsuite> <!-- Iframes.IframeTest -->
