<?xml version="1.0" encoding="UTF-8"?>
<!-- Generated by org.testng.reporters.JUnitReportReporter -->
<testsuite hostname="DESKTOP-A5CHD3A" failures="0" tests="3" name="testScripts.BooksTest" time="12.833" errors="0" timestamp="2023-12-15T15:34:35 IST" skipped="0">
  <testcase classname="testScripts.BooksTest" name="bookstest" time="5.315">
    <system-out>
      <![CDATA[Books test 2]]>
    </system-out>
  </testcase> <!-- bookstest -->
  <testcase classname="testScripts.BooksTest" name="bookstest1" time="3.717">
    <system-out>
      <![CDATA[Test case 1]]>
    </system-out>
  </testcase> <!-- bookstest1 -->
  <testcase classname="testScripts.BooksTest" name="addBookToCartTest" time="3.801">
    <system-out>
      <![CDATA[Add book to cart test]]>
    </system-out>
  </testcase> <!-- addBookToCartTest -->
  <system-out>
    <![CDATA[Connect to databse
Before test
Before class
Login
Add book to cart test
Log out
Login
Books test 2
Log out
Login
Test case 1
Log out
After class
After test
Close connection to database]]>
  </system-out>
</testsuite> <!-- testScripts.BooksTest -->
