<?xml version="1.0" encoding="UTF-8"?>
<!-- Generated by org.testng.reporters.JUnitReportReporter -->
<testsuite hostname="DESKTOP-A5CHD3A" failures="0" tests="5" name="testNGBasics.LoginTest" time="18.761" errors="0" timestamp="2023-12-16T21:41:29 IST" skipped="0">
  <testcase classname="testNGBasics.LoginTest" name="loginTest1" time="4.576">
    <system-out>
      <![CDATA[login test 1]]>
    </system-out>
  </testcase> <!-- loginTest1 -->
  <testcase classname="testNGBasics.LoginTest" name="loginTest1" time="3.560">
    <system-out>
      <![CDATA[login test 1]]>
    </system-out>
  </testcase> <!-- loginTest1 -->
  <testcase classname="testNGBasics.LoginTest" name="loginTest1" time="3.538">
    <system-out>
      <![CDATA[login test 1]]>
    </system-out>
  </testcase> <!-- loginTest1 -->
  <testcase classname="testNGBasics.LoginTest" name="loginTest1" time="3.572">
    <system-out>
      <![CDATA[login test 1]]>
    </system-out>
  </testcase> <!-- loginTest1 -->
  <testcase classname="testNGBasics.LoginTest" name="loginTest1" time="3.515">
    <system-out>
      <![CDATA[login test 1]]>
    </system-out>
  </testcase> <!-- loginTest1 -->
  <system-out>
    <![CDATA[login test 1
login test 1
login test 1
login test 1
login test 1]]>
  </system-out>
</testsuite> <!-- testNGBasics.LoginTest -->
