<?xml version="1.0" encoding="UTF-8"?>
<!-- Generated by org.testng.reporters.JUnitReportReporter -->
<testsuite hostname="DESKTOP-A5CHD3A" failures="0" tests="2" name="testNGBasics.RegisterTest" time="2.990" errors="0" timestamp="2023-12-06T12:23:44 IST" skipped="0">
  <testcase classname="testNGBasics.RegisterTest" name="registerTest1" time="1.922">
    <system-out>
      <![CDATA[register test 1]]>
    </system-out>
  </testcase> <!-- registerTest1 -->
  <testcase classname="testNGBasics.RegisterTest" name="registerTest4" time="1.068">
    <system-out>
      <![CDATA[register test 4]]>
    </system-out>
  </testcase> <!-- registerTest4 -->
  <system-out>
    <![CDATA[register test 1
register test 4
login test 2
login test 5
payment test 1
payment test 2]]>
  </system-out>
</testsuite> <!-- testNGBasics.RegisterTest -->
